# JRE version: OpenJDK Runtime Environment JBR-11.0.13.7-1751.25-jcef (11.0.13+7) (build 11.0.13+7-b1751.25)
# Java VM: OpenJDK 64-Bit Server VM JBR-11.0.13.7-1751.25-jcef (11.0.13+7-b1751.25, mixed mode, tiered, compressed oops, g1 gc, windows-amd64)
Heap:
 garbage-first heap   total 262144K, used 181699K [0x00000000e0000000, 0x0000000100000000)
  region size 1024K, 24 young (24576K), 6 survivors (6144K)
 Metaspace       used 103005K, capacity 106588K, committed 106916K, reserved 348160K
  class space    used 12761K, capacity 13998K, committed 14080K, reserved 253952K
GC Heap History (20 events):
Event: 717.401 GC heap before
{Heap before GC invocations=52 (full 0):
 garbage-first heap   total 262144K, used 161101K [0x00000000e0000000, 0x0000000100000000)
  region size 1024K, 12 young (12288K), 8 survivors (8192K)
 Metaspace       used 101764K, capacity 105165K, committed 105764K, reserved 346112K
  class space    used 12631K, capacity 13816K, committed 13952K, reserved 253952K
}
Event: 717.415 GC heap after
{Heap after GC invocations=53 (full 0):
 garbage-first heap   total 262144K, used 157608K [0x00000000e0000000, 0x0000000100000000)
  region size 1024K, 2 young (2048K), 2 survivors (2048K)
 Metaspace       used 101764K, capacity 105165K, committed 105764K, reserved 346112K
  class space    used 12631K, capacity 13816K, committed 13952K, reserved 253952K
}
Event: 720.331 GC heap before
{Heap before GC invocations=53 (full 0):
 garbage-first heap   total 262144K, used 218024K [0x00000000e0000000, 0x0000000100000000)
  region size 1024K, 62 young (63488K), 2 survivors (2048K)
 Metaspace       used 102608K, capacity 106151K, committed 106276K, reserved 348160K
  class space    used 12697K, capacity 13897K, committed 13952K, reserved 253952K
}
Event: 720.339 GC heap after
{Heap after GC invocations=54 (full 0):
 garbage-first heap   total 262144K, used 159796K [0x00000000e0000000, 0x0000000100000000)
  region size 1024K, 5 young (5120K), 5 survivors (5120K)
 Metaspace       used 102608K, capacity 106151K, committed 106276K, reserved 348160K
  class space    used 12697K, capacity 13897K, committed 13952K, reserved 253952K
}
Event: 720.807 GC heap before
{Heap before GC invocations=55 (full 0):
 garbage-first heap   total 262144K, used 222260K [0x00000000e0000000, 0x0000000100000000)
  region size 1024K, 64 young (65536K), 5 survivors (5120K)
 Metaspace       used 103161K, capacity 106774K, committed 106916K, reserved 348160K
  class space    used 12793K, capacity 14039K, committed 14080K, reserved 253952K
}
Event: 720.815 GC heap after
{Heap after GC invocations=56 (full 0):
 garbage-first heap   total 262144K, used 164971K [0x00000000e0000000, 0x0000000100000000)
  region size 1024K, 7 young (7168K), 7 survivors (7168K)
 Metaspace       used 103161K, capacity 106774K, committed 106916K, reserved 348160K
  class space    used 12793K, capacity 14039K, committed 14080K, reserved 253952K
}
Event: 720.832 GC heap before
{Heap before GC invocations=56 (full 0):
 garbage-first heap   total 262144K, used 169067K [0x00000000e0000000, 0x0000000100000000)
  region size 1024K, 12 young (12288K), 7 survivors (7168K)
 Metaspace       used 103161K, capacity 106774K, committed 106916K, reserved 348160K
  class space    used 12793K, capacity 14039K, committed 14080K, reserved 253952K
}
Event: 720.841 GC heap after
{Heap after GC invocations=57 (full 0):
 garbage-first heap   total 262144K, used 163866K [0x00000000e0000000, 0x0000000100000000)
  region size 1024K, 1 young (1024K), 1 survivors (1024K)
 Metaspace       used 103161K, capacity 106774K, committed 106916K, reserved 348160K
  class space    used 12793K, capacity 14039K, committed 14080K, reserved 253952K
}
Event: 721.063 GC heap before
{Heap before GC invocations=57 (full 0):
 garbage-first heap   total 262144K, used 222234K [0x00000000e0000000, 0x0000000100000000)
  region size 1024K, 58 young (59392K), 1 survivors (1024K)
 Metaspace       used 103167K, capacity 106778K, committed 106916K, reserved 348160K
  class space    used 12793K, capacity 14039K, committed 14080K, reserved 253952K
}
Event: 721.069 GC heap after
{Heap after GC invocations=58 (full 0):
 garbage-first heap   total 262144K, used 164105K [0x00000000e0000000, 0x0000000100000000)
  region size 1024K, 1 young (1024K), 1 survivors (1024K)
 Metaspace       used 103167K, capacity 106778K, committed 106916K, reserved 348160K
  class space    used 12793K, capacity 14039K, committed 14080K, reserved 253952K
}
Event: 721.343 GC heap before
{Heap before GC invocations=59 (full 0):
 garbage-first heap   total 262144K, used 224521K [0x00000000e0000000, 0x0000000100000000)
  region size 1024K, 60 young (61440K), 1 survivors (1024K)
 Metaspace       used 103005K, capacity 106588K, committed 106916K, reserved 348160K
  class space    used 12761K, capacity 13998K, committed 14080K, reserved 253952K
}
Event: 721.345 GC heap after
{Heap after GC invocations=60 (full 0):
 garbage-first heap   total 262144K, used 164784K [0x00000000e0000000, 0x0000000100000000)
  region size 1024K, 2 young (2048K), 2 survivors (2048K)
 Metaspace       used 103005K, capacity 106588K, committed 106916K, reserved 348160K
  class space    used 12761K, capacity 13998K, committed 14080K, reserved 253952K
}
Event: 721.561 GC heap before
{Heap before GC invocations=60 (full 0):
 garbage-first heap   total 262144K, used 225200K [0x00000000e0000000, 0x0000000100000000)
  region size 1024K, 61 young (62464K), 2 survivors (2048K)
 Metaspace       used 103005K, capacity 106588K, committed 106916K, reserved 348160K
  class space    used 12761K, capacity 13998K, committed 14080K, reserved 253952K
}
Event: 721.563 GC heap after
{Heap after GC invocations=61 (full 0):
 garbage-first heap   total 262144K, used 165635K [0x00000000e0000000, 0x0000000100000000)
  region size 1024K, 3 young (3072K), 3 survivors (3072K)
 Metaspace       used 103005K, capacity 106588K, committed 106916K, reserved 348160K
  class space    used 12761K, capacity 13998K, committed 14080K, reserved 253952K
}
Event: 721.776 GC heap before
{Heap before GC invocations=62 (full 0):
 garbage-first heap   total 262144K, used 226051K [0x00000000e0000000, 0x0000000100000000)
  region size 1024K, 62 young (63488K), 3 survivors (3072K)
 Metaspace       used 103005K, capacity 106588K, committed 106916K, reserved 348160K
  class space    used 12761K, capacity 13998K, committed 14080K, reserved 253952K
}
Event: 721.778 GC heap after
{Heap after GC invocations=63 (full 0):
 garbage-first heap   total 262144K, used 166478K [0x00000000e0000000, 0x0000000100000000)
  region size 1024K, 4 young (4096K), 4 survivors (4096K)
 Metaspace       used 103005K, capacity 106588K, committed 106916K, reserved 348160K
  class space    used 12761K, capacity 13998K, committed 14080K, reserved 253952K
}
Event: 721.976 GC heap before
{Heap before GC invocations=63 (full 0):
 garbage-first heap   total 262144K, used 226894K [0x00000000e0000000, 0x0000000100000000)
  region size 1024K, 63 young (64512K), 4 survivors (4096K)
 Metaspace       used 103005K, capacity 106588K, committed 106916K, reserved 348160K
  class space    used 12761K, capacity 13998K, committed 14080K, reserved 253952K
}
Event: 721.979 GC heap after
{Heap after GC invocations=64 (full 0):
 garbage-first heap   total 262144K, used 167178K [0x00000000e0000000, 0x0000000100000000)
  region size 1024K, 4 young (4096K), 4 survivors (4096K)
 Metaspace       used 103005K, capacity 106588K, committed 106916K, reserved 348160K
  class space    used 12761K, capacity 13998K, committed 14080K, reserved 253952K
}
Event: 722.178 GC heap before
{Heap before GC invocations=64 (full 0):
 garbage-first heap   total 262144K, used 227594K [0x00000000e0000000, 0x0000000100000000)
  region size 1024K, 63 young (64512K), 4 survivors (4096K)
 Metaspace       used 103005K, capacity 106588K, committed 106916K, reserved 348160K
  class space    used 12761K, capacity 13998K, committed 14080K, reserved 253952K
}
Event: 722.182 GC heap after
{Heap after GC invocations=65 (full 0):
 garbage-first heap   total 262144K, used 165315K [0x00000000e0000000, 0x0000000100000000)
  region size 1024K, 6 young (6144K), 6 survivors (6144K)
 Metaspace       used 103005K, capacity 106588K, committed 106916K, reserved 348160K
  class space    used 12761K, capacity 13998K, committed 14080K, reserved 253952K
}

